<html>
<head>
<title>TestNG:  Surefire test</title>
<link href="../testng.css" rel="stylesheet" type="text/css" />
<link href="../my-testng.css" rel="stylesheet" type="text/css" />

<style type="text/css">
.log { display: none;} 
.stack-trace { display: none;} 
</style>
<script type="text/javascript">
<!--
function flip(e) {
  current = e.style.display;
  if (current == 'block') {
    e.style.display = 'none';
    return 0;
  }
  else {
    e.style.display = 'block';
    return 1;
  }
}

function toggleBox(szDivId, elem, msg1, msg2)
{
  var res = -1;  if (document.getElementById) {
    res = flip(document.getElementById(szDivId));
  }
  else if (document.all) {
    // this is the way old msie versions work
    res = flip(document.all[szDivId]);
  }
  if(elem) {
    if(res == 0) elem.innerHTML = msg1; else elem.innerHTML = msg2;
  }

}

function toggleAllBoxes() {
  if (document.getElementsByTagName) {
    d = document.getElementsByTagName('div');
    for (i = 0; i < d.length; i++) {
      if (d[i].className == 'log') {
        flip(d[i]);
      }
    }
  }
}

// -->
</script>

</head>
<body>
<h2 align='center'>Surefire test</h2><table border='1' align="center">
<tr>
<td>Tests passed/Failed/Skipped:</td><td>9/0/0</td>
</tr><tr>
<td>Started on:</td><td>Thu Jun 09 23:20:39 EEST 2022</td>
</tr>
<tr><td>Total time:</td><td>0 seconds (48 ms)</td>
</tr><tr>
<td>Included groups:</td><td></td>
</tr><tr>
<td>Excluded groups:</td><td></td>
</tr>
</table><p/>
<small><i>(Hover the method name to see the test class name)</i></small><p/>
<table width='100%' border='1' class='invocation-passed'>
<tr><td colspan='4' align='center'><b>PASSED TESTS</b></td></tr>
<tr><td><b>Test method</b></td>
<td width="30%"><b>Exception</b></td>
<td width="10%"><b>Time (seconds)</b></td>
<td><b>Instance</b></td>
</tr>
<tr>
<td title='course.qa.simple.TestNGCalculatorTest.testGenerateBigPrime()'><b>testGenerateBigPrime</b><br>Test class: course.qa.simple.TestNGCalculatorTest</td>
<td></td>
<td>0</td>
<td>course.qa.simple.TestNGCalculatorTest@152aa092</td></tr>
<tr>
<td title='course.qa.simple.TestNGCalculatorTest.givenXandY_whenAdd_thenResultXplusY()'><b>givenXandY_whenAdd_thenResultXplusY</b><br>Test class: course.qa.simple.TestNGCalculatorTest</td>
<td></td>
<td>0</td>
<td>course.qa.simple.TestNGCalculatorTest@152aa092</td></tr>
<tr>
<td title='course.qa.simple.TestNGStack.throwsExceptionWhenPoped()'><b>throwsExceptionWhenPoped</b><br>Test class: course.qa.simple.TestNGStack<br>Test method: throws EmptyStackException when popped</td>
<td><div><pre>java.util.EmptyStackException
	at java.base/java.util.Stack.peek(Stack.java:101)
	at java.base/java.util.Stack.pop(Stack.java:83)
	at course.qa.simple.TestNGStack.throwsExceptionWhenPoped(TestNGStack.java:33)
	at java.base/java.util.ArrayList.forEach(ArrayList.java:1511)
... Removed 30 stack frames</pre></div><a href='#' onClick='toggleBox("stack-trace775514090", this, "Click to show all stack frames", "Click to hide stack frames")'>Click to show all stack frames</a>
<div class='stack-trace' id='stack-trace775514090'><pre>java.util.EmptyStackException
	at java.base/java.util.Stack.peek(Stack.java:101)
	at java.base/java.util.Stack.pop(Stack.java:83)
	at course.qa.simple.TestNGStack.throwsExceptionWhenPoped(TestNGStack.java:33)
	at java.base/jdk.internal.reflect.DirectMethodHandleAccessor.invoke(DirectMethodHandleAccessor.java:104)
	at java.base/java.lang.reflect.Method.invoke(Method.java:577)
	at org.testng.internal.invokers.MethodInvocationHelper.invokeMethod(MethodInvocationHelper.java:135)
	at org.testng.internal.invokers.TestInvoker.invokeMethod(TestInvoker.java:673)
	at org.testng.internal.invokers.TestInvoker.invokeTestMethod(TestInvoker.java:220)
	at org.testng.internal.invokers.MethodRunner.runInSequence(MethodRunner.java:50)
	at org.testng.internal.invokers.TestInvoker$MethodInvocationAgent.invoke(TestInvoker.java:945)
	at org.testng.internal.invokers.TestInvoker.invokeTestMethods(TestInvoker.java:193)
	at org.testng.internal.invokers.TestMethodWorker.invokeTestMethods(TestMethodWorker.java:146)
	at org.testng.internal.invokers.TestMethodWorker.run(TestMethodWorker.java:128)
	at java.base/java.util.ArrayList.forEach(ArrayList.java:1511)
	at org.testng.TestRunner.privateRun(TestRunner.java:808)
	at org.testng.TestRunner.run(TestRunner.java:603)
	at org.testng.SuiteRunner.runTest(SuiteRunner.java:429)
	at org.testng.SuiteRunner.runSequentially(SuiteRunner.java:423)
	at org.testng.SuiteRunner.privateRun(SuiteRunner.java:383)
	at org.testng.SuiteRunner.run(SuiteRunner.java:326)
	at org.testng.SuiteRunnerWorker.runSuite(SuiteRunnerWorker.java:52)
	at org.testng.SuiteRunnerWorker.run(SuiteRunnerWorker.java:95)
	at org.testng.TestNG.runSuitesSequentially(TestNG.java:1249)
	at org.testng.TestNG.runSuitesLocally(TestNG.java:1169)
	at org.testng.TestNG.runSuites(TestNG.java:1092)
	at org.testng.TestNG.run(TestNG.java:1060)
	at org.apache.maven.surefire.testng.TestNGExecutor.run(TestNGExecutor.java:135)
	at org.apache.maven.surefire.testng.TestNGDirectoryTestSuite.executeMulti(TestNGDirectoryTestSuite.java:193)
	at org.apache.maven.surefire.testng.TestNGDirectoryTestSuite.execute(TestNGDirectoryTestSuite.java:94)
	at org.apache.maven.surefire.testng.TestNGProvider.invoke(TestNGProvider.java:146)
	at org.apache.maven.surefire.booter.ForkedBooter.invokeProviderInSameClassLoader(ForkedBooter.java:384)
	at org.apache.maven.surefire.booter.ForkedBooter.runSuitesInProcess(ForkedBooter.java:345)
	at org.apache.maven.surefire.booter.ForkedBooter.execute(ForkedBooter.java:126)
	at org.apache.maven.surefire.booter.ForkedBooter.main(ForkedBooter.java:418)
</pre></div></td>
<td>0</td>
<td>course.qa.simple.TestNGStack@5136d012</td></tr>
<tr>
<td title='course.qa.simple.TestNGStack.returnsElementWhenPopedAfterPush()'><b>returnsElementWhenPopedAfterPush</b><br>Test class: course.qa.simple.TestNGStack<br>Test method: returns element when poped</td>
<td></td>
<td>0</td>
<td>course.qa.simple.TestNGStack@5136d012</td></tr>
<tr>
<td title='course.qa.simple.TestNGCalculatorTest.givenXandY_whenDivide_thenResultXdivY()'><b>givenXandY_whenDivide_thenResultXdivY</b><br>Test class: course.qa.simple.TestNGCalculatorTest</td>
<td></td>
<td>0</td>
<td>course.qa.simple.TestNGCalculatorTest@152aa092</td></tr>
<tr>
<td title='course.qa.simple.TestNGCalculatorTest.givenXandY_whenMultiply_thenResultXproductY()'><b>givenXandY_whenMultiply_thenResultXproductY</b><br>Test class: course.qa.simple.TestNGCalculatorTest</td>
<td></td>
<td>0</td>
<td>course.qa.simple.TestNGCalculatorTest@152aa092</td></tr>
<tr>
<td title='course.qa.simple.TestNGStack.isEmptyAfterPush()'><b>isEmptyAfterPush</b><br>Test class: course.qa.simple.TestNGStack<br>Test method: is no longer empty</td>
<td></td>
<td>0</td>
<td>course.qa.simple.TestNGStack@5136d012</td></tr>
<tr>
<td title='course.qa.simple.TestNGStack.isEmpty()'><b>isEmpty</b><br>Test class: course.qa.simple.TestNGStack</td>
<td></td>
<td>0</td>
<td>course.qa.simple.TestNGStack@5136d012</td></tr>
<tr>
<td title='course.qa.simple.TestNGCalculatorTest.givenXandZeroDivider_whenDivide_thenArtithmeticExceptionThrown()'><b>givenXandZeroDivider_whenDivide_thenArtithmeticExceptionThrown</b><br>Test class: course.qa.simple.TestNGCalculatorTest</td>
<td><div><pre>java.lang.ArithmeticException: / by zero
	at course.qa.simple.Calculator.divide(Calculator.java:13)
	at course.qa.simple.TestNGCalculatorTest.givenXandZeroDivider_whenDivide_thenArtithmeticExceptionThrown(TestNGCalculatorTest.java:73)
	at java.base/java.util.ArrayList.forEach(ArrayList.java:1511)
... Removed 30 stack frames</pre></div><a href='#' onClick='toggleBox("stack-trace1809194904", this, "Click to show all stack frames", "Click to hide stack frames")'>Click to show all stack frames</a>
<div class='stack-trace' id='stack-trace1809194904'><pre>java.lang.ArithmeticException: / by zero
	at course.qa.simple.Calculator.divide(Calculator.java:13)
	at course.qa.simple.TestNGCalculatorTest.givenXandZeroDivider_whenDivide_thenArtithmeticExceptionThrown(TestNGCalculatorTest.java:73)
	at java.base/jdk.internal.reflect.DirectMethodHandleAccessor.invoke(DirectMethodHandleAccessor.java:104)
	at java.base/java.lang.reflect.Method.invoke(Method.java:577)
	at org.testng.internal.invokers.MethodInvocationHelper.invokeMethod(MethodInvocationHelper.java:135)
	at org.testng.internal.invokers.TestInvoker.invokeMethod(TestInvoker.java:673)
	at org.testng.internal.invokers.TestInvoker.invokeTestMethod(TestInvoker.java:220)
	at org.testng.internal.invokers.MethodRunner.runInSequence(MethodRunner.java:50)
	at org.testng.internal.invokers.TestInvoker$MethodInvocationAgent.invoke(TestInvoker.java:945)
	at org.testng.internal.invokers.TestInvoker.invokeTestMethods(TestInvoker.java:193)
	at org.testng.internal.invokers.TestMethodWorker.invokeTestMethods(TestMethodWorker.java:146)
	at org.testng.internal.invokers.TestMethodWorker.run(TestMethodWorker.java:128)
	at java.base/java.util.ArrayList.forEach(ArrayList.java:1511)
	at org.testng.TestRunner.privateRun(TestRunner.java:808)
	at org.testng.TestRunner.run(TestRunner.java:603)
	at org.testng.SuiteRunner.runTest(SuiteRunner.java:429)
	at org.testng.SuiteRunner.runSequentially(SuiteRunner.java:423)
	at org.testng.SuiteRunner.privateRun(SuiteRunner.java:383)
	at org.testng.SuiteRunner.run(SuiteRunner.java:326)
	at org.testng.SuiteRunnerWorker.runSuite(SuiteRunnerWorker.java:52)
	at org.testng.SuiteRunnerWorker.run(SuiteRunnerWorker.java:95)
	at org.testng.TestNG.runSuitesSequentially(TestNG.java:1249)
	at org.testng.TestNG.runSuitesLocally(TestNG.java:1169)
	at org.testng.TestNG.runSuites(TestNG.java:1092)
	at org.testng.TestNG.run(TestNG.java:1060)
	at org.apache.maven.surefire.testng.TestNGExecutor.run(TestNGExecutor.java:135)
	at org.apache.maven.surefire.testng.TestNGDirectoryTestSuite.executeMulti(TestNGDirectoryTestSuite.java:193)
	at org.apache.maven.surefire.testng.TestNGDirectoryTestSuite.execute(TestNGDirectoryTestSuite.java:94)
	at org.apache.maven.surefire.testng.TestNGProvider.invoke(TestNGProvider.java:146)
	at org.apache.maven.surefire.booter.ForkedBooter.invokeProviderInSameClassLoader(ForkedBooter.java:384)
	at org.apache.maven.surefire.booter.ForkedBooter.runSuitesInProcess(ForkedBooter.java:345)
	at org.apache.maven.surefire.booter.ForkedBooter.execute(ForkedBooter.java:126)
	at org.apache.maven.surefire.booter.ForkedBooter.main(ForkedBooter.java:418)
</pre></div></td>
<td>0</td>
<td>course.qa.simple.TestNGCalculatorTest@152aa092</td></tr>
</table><p>
</body>
</html>